[0mCompiling "target/cljsbuild/public/js/app.js" from ["src/cljs" "src/cljc" "env/dev/cljs"]...[0m
[32mSuccessfully compiled "target/cljsbuild/public/js/app.js" in 0.349 seconds.[0m
notifying browser that file changed:  target/cljsbuild/public/js/out/goog/deps.js
notifying browser that file changed:  target/cljsbuild/public/js/out/cljs_deps.js
notifying browser that file changed:  target/cljsbuild/public/js/out/demo/core.js
[0mCompiling "target/cljsbuild/public/js/app.js" from ["src/cljs" "src/cljc" "env/dev/cljs"]...[0m
[32mSuccessfully compiled "target/cljsbuild/public/js/app.js" in 0.293 seconds.[0m
notifying browser that file changed:  target/cljsbuild/public/js/out/demo/core.js
[0mCompiling "target/cljsbuild/public/js/app.js" from ["src/cljs" "src/cljc" "env/dev/cljs"]...[0m
[32mSuccessfully compiled "target/cljsbuild/public/js/app.js" in 0.302 seconds.[0m
notifying browser that file changed:  target/cljsbuild/public/js/out/demo/core.js
[0mCompiling "target/cljsbuild/public/js/app.js" from ["src/cljs" "src/cljc" "env/dev/cljs"]...[0m
[32mSuccessfully compiled "target/cljsbuild/public/js/app.js" in 0.288 seconds.[0m
notifying browser that file changed:  target/cljsbuild/public/js/out/demo/core.js
[0mCompiling "target/cljsbuild/public/js/app.js" from ["src/cljs" "src/cljc" "env/dev/cljs"]...[0m
[32mSuccessfully compiled "target/cljsbuild/public/js/app.js" in 0.347 seconds.[0m
notifying browser that file changed:  target/cljsbuild/public/js/out/saolsen/draw_2d.js
[0mCompiling "target/cljsbuild/public/js/app.js" from ["src/cljs" "src/cljc" "env/dev/cljs"]...[0m
[36m----  Compiler Warning on   src/cljs/saolsen/draw_2d.cljs   line:56  column:20  ----[0m

  [1mUse of undeclared Var saolsen.draw-2d/text[0m

  [36m53[0m  [36m(defmethod draw-object :text [{:keys [color font posns]} ctx][0m
  [36m54[0m  [36m  (let [[startx starty] (first posns)][0m
  [36m55[0m  [36m    (.font ctx font)[0m
  [33m56[0m  [1m    (.fillText ctx text startx starty)[0m
  [0m  [0m  [33m                   ^--- Use of undeclared Var saolsen.draw-2d/text[0m
  [36m57[0m  [36m    ))[0m
  [36m58[0m  [36m[0m
  [36m59[0m  [36m[0m
  [36m60[0m  [36m(defn clear-canvas[0m
  [36m61[0m  [36m  "Clears the canvas"[0m

[36m----  Compiler Warning : Please see src/cljs/saolsen/draw_2d.cljs  ----[0m
[32mSuccessfully compiled "target/cljsbuild/public/js/app.js" in 0.372 seconds.[0m
notifying browser that file changed:  target/cljsbuild/public/js/out/saolsen/draw_2d.js
[0mCompiling "target/cljsbuild/public/js/app.js" from ["src/cljs" "src/cljc" "env/dev/cljs"]...[0m
[32mSuccessfully compiled "target/cljsbuild/public/js/app.js" in 0.324 seconds.[0m
notifying browser that file changed:  target/cljsbuild/public/js/out/saolsen/draw_2d.js
[0mCompiling "target/cljsbuild/public/js/app.js" from ["src/cljs" "src/cljc" "env/dev/cljs"]...[0m
[32mSuccessfully compiled "target/cljsbuild/public/js/app.js" in 0.413 seconds.[0m
notifying browser that file changed:  target/cljsbuild/public/js/out/saolsen/draw_2d.js
notifying browser that file changed:  target/cljsbuild/public/js/out/demo/core.js
[0mCompiling "target/cljsbuild/public/js/app.js" from ["src/cljs" "src/cljc" "env/dev/cljs"]...[0m
[32mSuccessfully compiled "target/cljsbuild/public/js/app.js" in 0.318 seconds.[0m
notifying browser that file changed:  target/cljsbuild/public/js/out/demo/core.js
[0mCompiling "target/cljsbuild/public/js/app.js" from ["src/cljs" "src/cljc" "env/dev/cljs"]...[0m
[32mSuccessfully compiled "target/cljsbuild/public/js/app.js" in 0.319 seconds.[0m
notifying browser that file changed:  target/cljsbuild/public/js/out/saolsen/draw_2d.js
[0mCompiling "target/cljsbuild/public/js/app.js" from ["src/cljs" "src/cljc" "env/dev/cljs"]...[0m
[32mSuccessfully compiled "target/cljsbuild/public/js/app.js" in 0.254 seconds.[0m
notifying browser that file changed:  target/cljsbuild/public/js/out/demo/core.js
[0mCompiling "target/cljsbuild/public/js/app.js" from ["src/cljs" "src/cljc" "env/dev/cljs"]...[0m
[36m----  Compiler Warning on   src/cljs/demo/core.cljs   line:29  column:9  ----[0m

  [1mUse of undeclared Var demo.core/v-lines[0m

  [36m25[0m  [36m(def context (draw/get-canvas-context-from-id "draw"))[0m
  [36m26[0m  [36m[0m
  [36m27[0m  [36m(defn draw-grid [x y line-width gap n][0m
  [36m28[0m  [36m  (let [h-lines[0m
  [33m29[0m  [1m        v-lines][0m
  [0m  [0m  [33m        ^--- Use of undeclared Var demo.core/v-lines[0m
  [36m30[0m  [36m    )[0m
  [36m31[0m  [36m[0m
  [36m32[0m  [36m  (draw/draw-scene [{:type :rectangle :color [200 200 0] :pos [50 50] :size [100 20]}[0m
  [36m33[0m  [36m                    {:type :rectangle :color [0 200 200] :pos [55 55] :size [20 10]}[0m
  [36m34[0m  [36m                    {:type :line :color [0 200 0] :width 1 :posns [[10 10] [50 10] [10 50]]}[0m

[36m----  Compiler Warning : Please see src/cljs/demo/core.cljs  ----[0m
[32mSuccessfully compiled "target/cljsbuild/public/js/app.js" in 0.327 seconds.[0m
notifying browser that file changed:  target/cljsbuild/public/js/out/demo/core.js
[0mCompiling "target/cljsbuild/public/js/app.js" from ["src/cljs" "src/cljc" "env/dev/cljs"]...[0m
[31mFailed to compile "target/cljsbuild/public/js/app.js" in 0.246 seconds.[0m
[36m----  Could not Analyze  src/cljs/demo/core.cljs   line:28  column:3  ----[0m

  [1mlet requires an even number of forms in binding vector[0m

  [36m27[0m  [36m(defn draw-grid [x y line-width gap n][0m
  [33m28[0m  [1m  (let [l (* gap (dec n))[0m
  [0m  [0m  [33m  ^--- let requires an even number of forms in binding vector[0m
  [36m29[0m  [36m        h-lines (for [i (range n)][0m
  [36m30[0m  [36m                  (let [yi (+ y (* i gap))] [[x yi] [(+ x l) yi]]))[0m
  [36m31[0m  [36m        v-lines][0m

[36m----  Analysis Error : Please see src/cljs/demo/core.cljs  ----[0m
[0mCompiling "target/cljsbuild/public/js/app.js" from ["src/cljs" "src/cljc" "env/dev/cljs"]...[0m
[32mSuccessfully compiled "target/cljsbuild/public/js/app.js" in 0.282 seconds.[0m
notifying browser that file changed:  target/cljsbuild/public/js/out/demo/core.js
[0mCompiling "target/cljsbuild/public/js/app.js" from ["src/cljs" "src/cljc" "env/dev/cljs"]...[0m
[31mFailed to compile "target/cljsbuild/public/js/app.js" in 0.159 seconds.[0m
[36m----  Could not Analyze  src/cljs/demo/core.cljs   line:28  column:3  ----[0m

  [1mlet requires an even number of forms in binding vector[0m

  [36m27[0m  [36m(defn draw-grid [x y line-width gap n][0m
  [33m28[0m  [1m  (let [l (* gap (dec n))[0m
  [0m  [0m  [33m  ^--- let requires an even number of forms in binding vector[0m
  [36m29[0m  [36m        h-lines[0m
  [36m30[0m  [36m        v-lines (for [i (range n)][0m
  [36m31[0m  [36m                  (let [xi (+ x (* i gap))] [[xi y] [xi (+ y l)]]))][0m

[36m----  Analysis Error : Please see src/cljs/demo/core.cljs  ----[0m
[0mCompiling "target/cljsbuild/public/js/app.js" from ["src/cljs" "src/cljc" "env/dev/cljs"]...[0m
[31mFailed to compile "target/cljsbuild/public/js/app.js" in 0.191 seconds.[0m
[36m----  Could not Analyze  src/cljs/demo/core.cljs   line:28  column:3  ----[0m

  [1mlet requires an even number of forms in binding vector[0m

  [36m27[0m  [36m(defn draw-grid [x y line-width gap n][0m
  [33m28[0m  [1m  (let [l (* gap (dec n))[0m
  [0m  [0m  [33m  ^--- let requires an even number of forms in binding vector[0m
  [36m29[0m  [36m        h-lines[0m
  [36m30[0m  [36m        v-lines (for [i (range n)][0m
  [36m31[0m  [36m                  (let [xi (+ x (* i gap))] [[xi y] [xi (+ y l)]]))][0m

[36m----  Analysis Error : Please see src/cljs/demo/core.cljs  ----[0m
[0mCompiling "target/cljsbuild/public/js/app.js" from ["src/cljs" "src/cljc" "env/dev/cljs"]...[0m
[31mFailed to compile "target/cljsbuild/public/js/app.js" in 0.141 seconds.[0m
[36m----  Could not Analyze  src/cljs/demo/core.cljs   line:28  column:3  ----[0m

  [1mlet requires an even number of forms in binding vector[0m

  [36m27[0m  [36m(defn draw-grid [x y line-width gap n][0m
  [33m28[0m  [1m  (let [l (* gap (dec n))[0m
  [0m  [0m  [33m  ^--- let requires an even number of forms in binding vector[0m
  [36m29[0m  [36m        h-lines[0m
  [36m30[0m  [36m        v-lines (for [i (range n)][0m
  [36m31[0m  [36m                  (let [xi (+ x (* i gap))] [[xi y] [xi (+ y l)]]))][0m

[36m----  Analysis Error : Please see src/cljs/demo/core.cljs  ----[0m
[0mCompiling "target/cljsbuild/public/js/app.js" from ["src/cljs" "src/cljc" "env/dev/cljs"]...[0m
[31mFailed to compile "target/cljsbuild/public/js/app.js" in 0.177 seconds.[0m
[36m----  Could not Analyze  src/cljs/demo/core.cljs   line:28  column:3  ----[0m

  [1mlet requires an even number of forms in binding vector[0m

  [36m27[0m  [36m(defn draw-grid [x y line-width gap n][0m
  [33m28[0m  [1m  (let [l (* gap (dec n))[0m
  [0m  [0m  [33m  ^--- let requires an even number of forms in binding vector[0m
  [36m29[0m  [36m        h-lines[0m
  [36m30[0m  [36m        v-lines (for [i (range n)][0m
  [36m31[0m  [36m                  (let [xi (+ x (* i gap))] [[xi y] [xi (+ y l)]]))][0m

[36m----  Analysis Error : Please see src/cljs/demo/core.cljs  ----[0m
[0mCompiling "target/cljsbuild/public/js/app.js" from ["src/cljs" "src/cljc" "env/dev/cljs"]...[0m
[31mFailed to compile "target/cljsbuild/public/js/app.js" in 0.18 seconds.[0m
[36m----  Could not Analyze  src/cljs/demo/core.cljs   line:28  column:3  ----[0m

  [1mlet requires an even number of forms in binding vector[0m

  [36m27[0m  [36m(defn draw-grid [x y line-width gap n][0m
  [33m28[0m  [1m  (let [l (* gap (dec n))[0m
  [0m  [0m  [33m  ^--- let requires an even number of forms in binding vector[0m
  [36m29[0m  [36m        h-lines[0m
  [36m30[0m  [36m        v-lines (for [i (range n)][0m
  [36m31[0m  [36m                  (let [xi (+ x (* i gap))] [[xi y] [xi (+ y l)]]))][0m

[36m----  Analysis Error : Please see src/cljs/demo/core.cljs  ----[0m
[0mCompiling "target/cljsbuild/public/js/app.js" from ["src/cljs" "src/cljc" "env/dev/cljs"]...[0m
[31mFailed to compile "target/cljsbuild/public/js/app.js" in 0.167 seconds.[0m
[36m----  Could not Analyze  src/cljs/demo/core.cljs   line:28  column:3  ----[0m

  [1mlet requires an even number of forms in binding vector[0m

  [36m27[0m  [36m(defn draw-grid [x y color line-width gap n][0m
  [33m28[0m  [1m  (let [l (* gap (dec n))[0m
  [0m  [0m  [33m  ^--- let requires an even number of forms in binding vector[0m
  [36m29[0m  [36m        h-lines[0m
  [36m30[0m  [36m        v-lines (for [i (range n)][0m
  [36m31[0m  [36m                  (let [xi (+ x (* i gap))] [[xi y] [xi (+ y l)]]))][0m

[36m----  Analysis Error : Please see src/cljs/demo/core.cljs  ----[0m
[0mCompiling "target/cljsbuild/public/js/app.js" from ["src/cljs" "src/cljc" "env/dev/cljs"]...[0m
[31mFailed to compile "target/cljsbuild/public/js/app.js" in 0.152 seconds.[0m
[36m----  Could not Analyze  src/cljs/demo/core.cljs   line:28  column:3  ----[0m

  [1mlet requires an even number of forms in binding vector[0m

  [36m27[0m  [36m(defn draw-grid [x y color line-width gap n][0m
  [33m28[0m  [1m  (let [l (* gap (dec n))[0m
  [0m  [0m  [33m  ^--- let requires an even number of forms in binding vector[0m
  [36m29[0m  [36m        h-lines[0m
  [36m30[0m  [36m        v-lines (for [i (range n)][0m
  [36m31[0m  [36m                  (let [xi (+ x (* i gap))] [[xi y] [xi (+ y l)]]))][0m

[36m----  Analysis Error : Please see src/cljs/demo/core.cljs  ----[0m
[0mCompiling "target/cljsbuild/public/js/app.js" from ["src/cljs" "src/cljc" "env/dev/cljs"]...[0m
[31mFailed to compile "target/cljsbuild/public/js/app.js" in 0.158 seconds.[0m
[36m----  Could not Analyze  src/cljs/demo/core.cljs   line:28  column:3  ----[0m

  [1mlet requires an even number of forms in binding vector[0m

  [36m27[0m  [36m(defn draw-grid [{:keys [x y color width gap n]}][0m
  [33m28[0m  [1m  (let [l (* gap (dec n))[0m
  [0m  [0m  [33m  ^--- let requires an even number of forms in binding vector[0m
  [36m29[0m  [36m        h-lines[0m
  [36m30[0m  [36m        v-lines (for [i (range n)][0m
  [36m31[0m  [36m                  (let [xi (+ x (* i gap))] [[xi y] [xi (+ y l)]]))][0m

[36m----  Analysis Error : Please see src/cljs/demo/core.cljs  ----[0m
[0mCompiling "target/cljsbuild/public/js/app.js" from ["src/cljs" "src/cljc" "env/dev/cljs"]...[0m
[36m----  Compiler Warning on   src/cljs/demo/core.cljs   line:31  column:9  ----[0m

  [1mWrong number of args (1) passed to saolsen.draw-2d/draw-scene[0m

  [36m27[0m  [36m(defn draw-grid [{:keys [x y color width gap n]}][0m
  [36m28[0m  [36m  (let [l (* gap (dec n))][0m
  [36m29[0m  [36m    (doseq [i (range n)][0m
  [36m30[0m  [36m      (let [yi (+ y (* i gap))][0m
  [33m31[0m  [1m        (draw/draw-scene  [{:type :line :color color :width width :posns [[x yi] [(+ x l) yi]]}])[0m
  [0m  [0m  [33m        ^--- Wrong number of args (1) passed to saolsen.draw-2d/draw-scene[0m
  [36m32[0m  [36m        ))[0m
  [36m33[0m  [36m[0m
  [36m34[0m  [36m    (doseq [i (range n)][0m
  [36m35[0m  [36m      (let [xi (+ x (* i gap))][0m
  [36m36[0m  [36m        (draw/draw-scene  [{:type :line :color color :width width :posns [[xi y] [xi (+ y l)]]}])[0m

[36m----  Compiler Warning : Please see src/cljs/demo/core.cljs  ----[0m
[36m----  Compiler Warning on   src/cljs/demo/core.cljs   line:31  column:9  ----[0m

  [1mWrong number of args (1) passed to saolsen.draw-2d/draw-scene[0m

  [36m27[0m  [36m(defn draw-grid [{:keys [x y color width gap n]}][0m
  [36m28[0m  [36m  (let [l (* gap (dec n))][0m
  [36m29[0m  [36m    (doseq [i (range n)][0m
  [36m30[0m  [36m      (let [yi (+ y (* i gap))][0m
  [33m31[0m  [1m        (draw/draw-scene  [{:type :line :color color :width width :posns [[x yi] [(+ x l) yi]]}])[0m
  [0m  [0m  [33m        ^--- Wrong number of args (1) passed to saolsen.draw-2d/draw-scene[0m
  [36m32[0m  [36m        ))[0m
  [36m33[0m  [36m[0m
  [36m34[0m  [36m    (doseq [i (range n)][0m
  [36m35[0m  [36m      (let [xi (+ x (* i gap))][0m
  [36m36[0m  [36m        (draw/draw-scene  [{:type :line :color color :width width :posns [[xi y] [xi (+ y l)]]}])[0m

[36m----  Compiler Warning : Please see src/cljs/demo/core.cljs  ----[0m
[36m----  Compiler Warning on   src/cljs/demo/core.cljs   line:36  column:9  ----[0m

  [1mWrong number of args (1) passed to saolsen.draw-2d/draw-scene[0m

  [36m32[0m  [36m        ))[0m
  [36m33[0m  [36m[0m
  [36m34[0m  [36m    (doseq [i (range n)][0m
  [36m35[0m  [36m      (let [xi (+ x (* i gap))][0m
  [33m36[0m  [1m        (draw/draw-scene  [{:type :line :color color :width width :posns [[xi y] [xi (+ y l)]]}])[0m
  [0m  [0m  [33m        ^--- Wrong number of args (1) passed to saolsen.draw-2d/draw-scene[0m
  [36m37[0m  [36m        ))[0m
  [36m38[0m  [36m    )[0m
  [36m39[0m  [36m  )[0m
  [36m40[0m  [36m[0m
  [36m41[0m  [36m(defn init! [][0m

[36m----  Compiler Warning : Please see src/cljs/demo/core.cljs  ----[0m
[36m----  Compiler Warning on   src/cljs/demo/core.cljs   line:36  column:9  ----[0m

  [1mWrong number of args (1) passed to saolsen.draw-2d/draw-scene[0m

  [36m32[0m  [36m        ))[0m
  [36m33[0m  [36m[0m
  [36m34[0m  [36m    (doseq [i (range n)][0m
  [36m35[0m  [36m      (let [xi (+ x (* i gap))][0m
  [33m36[0m  [1m        (draw/draw-scene  [{:type :line :color color :width width :posns [[xi y] [xi (+ y l)]]}])[0m
  [0m  [0m  [33m        ^--- Wrong number of args (1) passed to saolsen.draw-2d/draw-scene[0m
  [36m37[0m  [36m        ))[0m
  [36m38[0m  [36m    )[0m
  [36m39[0m  [36m  )[0m
  [36m40[0m  [36m[0m
  [36m41[0m  [36m(defn init! [][0m

[36m----  Compiler Warning : Please see src/cljs/demo/core.cljs  ----[0m
[32mSuccessfully compiled "target/cljsbuild/public/js/app.js" in 0.33 seconds.[0m
notifying browser that file changed:  target/cljsbuild/public/js/out/demo/core.js
[0mCompiling "target/cljsbuild/public/js/app.js" from ["src/cljs" "src/cljc" "env/dev/cljs"]...[0m
[32mSuccessfully compiled "target/cljsbuild/public/js/app.js" in 0.262 seconds.[0m
notifying browser that file changed:  target/cljsbuild/public/js/out/demo/core.js
[0mCompiling "target/cljsbuild/public/js/app.js" from ["src/cljs" "src/cljc" "env/dev/cljs"]...[0m
[32mSuccessfully compiled "target/cljsbuild/public/js/app.js" in 0.253 seconds.[0m
notifying browser that file changed:  target/cljsbuild/public/js/out/demo/core.js
[0mCompiling "target/cljsbuild/public/js/app.js" from ["src/cljs" "src/cljc" "env/dev/cljs"]...[0m
[32mSuccessfully compiled "target/cljsbuild/public/js/app.js" in 0.276 seconds.[0m
notifying browser that file changed:  target/cljsbuild/public/js/out/demo/core.js
[0mCompiling "target/cljsbuild/public/js/app.js" from ["src/cljs" "src/cljc" "env/dev/cljs"]...[0m
[32mSuccessfully compiled "target/cljsbuild/public/js/app.js" in 0.255 seconds.[0m
notifying browser that file changed:  target/cljsbuild/public/js/out/demo/core.js
[0mCompiling "target/cljsbuild/public/js/app.js" from ["src/cljs" "src/cljc" "env/dev/cljs"]...[0m
[32mSuccessfully compiled "target/cljsbuild/public/js/app.js" in 0.245 seconds.[0m
notifying browser that file changed:  target/cljsbuild/public/js/out/demo/core.js
[0mCompiling "target/cljsbuild/public/js/app.js" from ["src/cljs" "src/cljc" "env/dev/cljs"]...[0m
[32mSuccessfully compiled "target/cljsbuild/public/js/app.js" in 0.315 seconds.[0m
notifying browser that file changed:  target/cljsbuild/public/js/out/demo/core.js
[0mCompiling "target/cljsbuild/public/js/app.js" from ["src/cljs" "src/cljc" "env/dev/cljs"]...[0m
[32mSuccessfully compiled "target/cljsbuild/public/js/app.js" in 0.27 seconds.[0m
notifying browser that file changed:  target/cljsbuild/public/js/out/demo/core.js
[0mCompiling "target/cljsbuild/public/js/app.js" from ["src/cljs" "src/cljc" "env/dev/cljs"]...[0m
[32mSuccessfully compiled "target/cljsbuild/public/js/app.js" in 0.301 seconds.[0m
notifying browser that file changed:  target/cljsbuild/public/js/out/demo/core.js
[0mCompiling "target/cljsbuild/public/js/app.js" from ["src/cljs" "src/cljc" "env/dev/cljs"]...[0m
[32mSuccessfully compiled "target/cljsbuild/public/js/app.js" in 0.257 seconds.[0m
notifying browser that file changed:  target/cljsbuild/public/js/out/demo/core.js
[0mCompiling "target/cljsbuild/public/js/app.js" from ["src/cljs" "src/cljc" "env/dev/cljs"]...[0m
[31mFailed to compile "target/cljsbuild/public/js/app.js" in 0.162 seconds.[0m
[36m----  Could not Analyze  src/cljs/demo/core.cljs   line:42  column:3  ----[0m

  [1mWrong number of args (0) passed to: core/for[0m

  [36m41[0m  [36m(defn draw-puzzle [sudoku {:keys [x y color gap]}][0m
  [33m42[0m  [1m  (for )[0m
  [0m  [0m  [33m  ^--- Wrong number of args (0) passed to: core/for[0m
  [36m43[0m  [36m  (draw/draw-object)[0m
  [36m44[0m  [36m  )[0m

[36m----  Analysis Error : Please see src/cljs/demo/core.cljs  ----[0m
[0mCompiling "target/cljsbuild/public/js/app.js" from ["src/cljs" "src/cljc" "env/dev/cljs"]...[0m
[36m----  Compiler Warning on   src/cljs/demo/core.cljs   line:42  column:3  ----[0m

  [1mWrong number of args (0) passed to cljs.core/dorun[0m

  [36m38[0m  [36m    )[0m
  [36m39[0m  [36m  )[0m
  [36m40[0m  [36m[0m
  [36m41[0m  [36m(defn draw-puzzle [sudoku {:keys [x y color gap]}][0m
  [33m42[0m  [1m  (dorun[0m
  [0m  [0m  [33m  ^--- Wrong number of args (0) passed to cljs.core/dorun[0m
  [36m43[0m  [36m    [0m
  [36m44[0m  [36m    )[0m
  [36m45[0m  [36m  (doseq [row sudoku][0m
  [36m46[0m  [36m[0m
  [36m47[0m  [36m    )[0m

[36m----  Compiler Warning : Please see src/cljs/demo/core.cljs  ----[0m
[32mSuccessfully compiled "target/cljsbuild/public/js/app.js" in 0.328 seconds.[0m
notifying browser that file changed:  target/cljsbuild/public/js/out/demo/core.js
[0mCompiling "target/cljsbuild/public/js/app.js" from ["src/cljs" "src/cljc" "env/dev/cljs"]...[0m
[36m----  Compiler Warning on   src/cljs/demo/core.cljs   line:44  column:8  ----[0m

  [1mUse of undeclared Var demo.core/f[0m

  [36m41[0m  [36m(defn draw-puzzle [sudoku {:keys [x y color gap]}][0m
  [36m42[0m  [36m  (dorun[0m
  [36m43[0m  [36m    (map-indexed[0m
  [33m44[0m  [1m      (f [row])[0m
  [0m  [0m  [33m       ^--- Use of undeclared Var demo.core/f[0m
  [36m45[0m  [36m      sudoku)[0m
  [36m46[0m  [36m    )[0m
  [36m47[0m  [36m  )[0m
  [36m48[0m  [36m[0m
  [36m49[0m  [36m(defn init! [][0m

[36m----  Compiler Warning : Please see src/cljs/demo/core.cljs  ----[0m
[36m----  Compiler Warning on   src/cljs/demo/core.cljs   line:44  column:11  ----[0m

  [1mUse of undeclared Var demo.core/row[0m

  [36m41[0m  [36m(defn draw-puzzle [sudoku {:keys [x y color gap]}][0m
  [36m42[0m  [36m  (dorun[0m
  [36m43[0m  [36m    (map-indexed[0m
  [33m44[0m  [1m      (f [row])[0m
  [0m  [0m  [33m          ^--- Use of undeclared Var demo.core/row[0m
  [36m45[0m  [36m      sudoku)[0m
  [36m46[0m  [36m    )[0m
  [36m47[0m  [36m  )[0m
  [36m48[0m  [36m[0m
  [36m49[0m  [36m(defn init! [][0m

[36m----  Compiler Warning : Please see src/cljs/demo/core.cljs  ----[0m
[32mSuccessfully compiled "target/cljsbuild/public/js/app.js" in 0.36 seconds.[0m
notifying browser that file changed:  target/cljsbuild/public/js/out/demo/core.js
[0mCompiling "target/cljsbuild/public/js/app.js" from ["src/cljs" "src/cljc" "env/dev/cljs"]...[0m
[36m----  Compiler Warning on   src/cljs/demo/core.cljs   line:44  column:8  ----[0m

  [1mUse of undeclared Var demo.core/f[0m

  [36m41[0m  [36m(defn draw-puzzle [sudoku {:keys [x y color gap]}][0m
  [36m42[0m  [36m  (dorun[0m
  [36m43[0m  [36m    (map-indexed[0m
  [33m44[0m  [1m      (f [i row][0m
  [0m  [0m  [33m       ^--- Use of undeclared Var demo.core/f[0m
  [36m45[0m  [36m         (dorun[0m
  [36m46[0m  [36m           (map-indexed[0m
  [36m47[0m  [36m             (fn [j col][0m
  [36m48[0m  [36m                (when col (draw/draw-object {} (:ctx context)))[0m
  [36m49[0m  [36m               )[0m

[36m----  Compiler Warning : Please see src/cljs/demo/core.cljs  ----[0m
[36m----  Compiler Warning on   src/cljs/demo/core.cljs   line:44  column:11  ----[0m

  [1mUse of undeclared Var demo.core/i[0m

  [36m41[0m  [36m(defn draw-puzzle [sudoku {:keys [x y color gap]}][0m
  [36m42[0m  [36m  (dorun[0m
  [36m43[0m  [36m    (map-indexed[0m
  [33m44[0m  [1m      (f [i row][0m
  [0m  [0m  [33m          ^--- Use of undeclared Var demo.core/i[0m
  [36m45[0m  [36m         (dorun[0m
  [36m46[0m  [36m           (map-indexed[0m
  [36m47[0m  [36m             (fn [j col][0m
  [36m48[0m  [36m                (when col (draw/draw-object {} (:ctx context)))[0m
  [36m49[0m  [36m               )[0m

[36m----  Compiler Warning : Please see src/cljs/demo/core.cljs  ----[0m
[36m----  Compiler Warning on   src/cljs/demo/core.cljs   line:44  column:13  ----[0m

  [1mUse of undeclared Var demo.core/row[0m

  [36m41[0m  [36m(defn draw-puzzle [sudoku {:keys [x y color gap]}][0m
  [36m42[0m  [36m  (dorun[0m
  [36m43[0m  [36m    (map-indexed[0m
  [33m44[0m  [1m      (f [i row][0m
  [0m  [0m  [33m            ^--- Use of undeclared Var demo.core/row[0m
  [36m45[0m  [36m         (dorun[0m
  [36m46[0m  [36m           (map-indexed[0m
  [36m47[0m  [36m             (fn [j col][0m
  [36m48[0m  [36m                (when col (draw/draw-object {} (:ctx context)))[0m
  [36m49[0m  [36m               )[0m

[36m----  Compiler Warning : Please see src/cljs/demo/core.cljs  ----[0m
[36m----  Compiler Warning on   src/cljs/demo/core.cljs   line:50  column:14  ----[0m

  [1mUse of undeclared Var demo.core/row[0m

  [36m46[0m  [36m         (map-indexed[0m
  [36m47[0m  [36m           (fn [j col][0m
  [36m48[0m  [36m              (when col (draw/draw-object {} (:ctx context)))[0m
  [36m49[0m  [36m             )[0m
  [33m50[0m  [1m           row)[0m
  [0m  [0m  [33m           ^--- Use of undeclared Var demo.core/row[0m
  [36m51[0m  [36m         )[0m
  [36m52[0m  [36m       )[0m
  [36m53[0m  [36m    sudoku)[0m
  [36m54[0m  [36m  )[0m
  [36m55[0m  [36m)[0m

[36m----  Compiler Warning : Please see src/cljs/demo/core.cljs  ----[0m
[32mSuccessfully compiled "target/cljsbuild/public/js/app.js" in 0.315 seconds.[0m
notifying browser that file changed:  target/cljsbuild/public/js/out/demo/core.js
[0mCompiling "target/cljsbuild/public/js/app.js" from ["src/cljs" "src/cljc" "env/dev/cljs"]...[0m
[36m----  Compiler Warning on   src/cljs/demo/core.cljs   line:44  column:8  ----[0m

  [1mUse of undeclared Var demo.core/f[0m

  [36m41[0m  [36m(defn draw-puzzle [sudoku {:keys [x y color gap]}][0m
  [36m42[0m  [36m  (dorun[0m
  [36m43[0m  [36m    (map-indexed[0m
  [33m44[0m  [1m      (f [i row][0m
  [0m  [0m  [33m       ^--- Use of undeclared Var demo.core/f[0m
  [36m45[0m  [36m         (dorun[0m
  [36m46[0m  [36m           (map-indexed[0m
  [36m47[0m  [36m             (fn [j col][0m
  [36m48[0m  [36m                (when col (draw/draw-object {:type :text :color color :pos [(+ x (* gap j)) (+ y (* gap i))] :text (str col)} (:ctx context)))[0m
  [36m49[0m  [36m               )[0m

[36m----  Compiler Warning : Please see src/cljs/demo/core.cljs  ----[0m
[36m----  Compiler Warning on   src/cljs/demo/core.cljs   line:44  column:11  ----[0m

  [1mUse of undeclared Var demo.core/i[0m

  [36m41[0m  [36m(defn draw-puzzle [sudoku {:keys [x y color gap]}][0m
  [36m42[0m  [36m  (dorun[0m
  [36m43[0m  [36m    (map-indexed[0m
  [33m44[0m  [1m      (f [i row][0m
  [0m  [0m  [33m          ^--- Use of undeclared Var demo.core/i[0m
  [36m45[0m  [36m         (dorun[0m
  [36m46[0m  [36m           (map-indexed[0m
  [36m47[0m  [36m             (fn [j col][0m
  [36m48[0m  [36m                (when col (draw/draw-object {:type :text :color color :pos [(+ x (* gap j)) (+ y (* gap i))] :text (str col)} (:ctx context)))[0m
  [36m49[0m  [36m               )[0m

[36m----  Compiler Warning : Please see src/cljs/demo/core.cljs  ----[0m
[36m----  Compiler Warning on   src/cljs/demo/core.cljs   line:44  column:13  ----[0m

  [1mUse of undeclared Var demo.core/row[0m

  [36m41[0m  [36m(defn draw-puzzle [sudoku {:keys [x y color gap]}][0m
  [36m42[0m  [36m  (dorun[0m
  [36m43[0m  [36m    (map-indexed[0m
  [33m44[0m  [1m      (f [i row][0m
  [0m  [0m  [33m            ^--- Use of undeclared Var demo.core/row[0m
  [36m45[0m  [36m         (dorun[0m
  [36m46[0m  [36m           (map-indexed[0m
  [36m47[0m  [36m             (fn [j col][0m
  [36m48[0m  [36m                (when col (draw/draw-object {:type :text :color color :pos [(+ x (* gap j)) (+ y (* gap i))] :text (str col)} (:ctx context)))[0m
  [36m49[0m  [36m               )[0m

[36m----  Compiler Warning : Please see src/cljs/demo/core.cljs  ----[0m
[36m----  Compiler Warning on   src/cljs/demo/core.cljs   line:48  column:105  ----[0m

  [1mUse of undeclared Var demo.core/i[0m

  [36m44[0m  [36m(f [i row][0m
  [36m45[0m  [36m   (dorun[0m
  [36m46[0m  [36m     (map-indexed[0m
  [36m47[0m  [36m       (fn [j col][0m
  [33m48[0m  [1m          (when col (draw/draw-object {:type :text :color color :pos [(+ x (* gap j)) (+ y (* gap i))] :text (str col)} (:ctx context)))[0m
  [0m  [0m  [33m                                                                                                  ^--- Use of undeclared Var demo.core/i[0m
  [36m49[0m  [36m         )[0m
  [36m50[0m  [36m       row)[0m
  [36m51[0m  [36m     )[0m
  [36m52[0m  [36m   )[0m
  [36m53[0m  [36msudoku)[0m

[36m----  Compiler Warning : Please see src/cljs/demo/core.cljs  ----[0m
[36m----  Compiler Warning on   src/cljs/demo/core.cljs   line:50  column:14  ----[0m

  [1mUse of undeclared Var demo.core/row[0m

  [36m46[0m  [36m         (map-indexed[0m
  [36m47[0m  [36m           (fn [j col][0m
  [36m48[0m  [36m              (when col (draw/draw-object {:type :text :color color :pos [(+ x (* gap j)) (+ y (* gap i))] :text (str col)} (:ctx context)))[0m
  [36m49[0m  [36m             )[0m
  [33m50[0m  [1m           row)[0m
  [0m  [0m  [33m           ^--- Use of undeclared Var demo.core/row[0m
  [36m51[0m  [36m         )[0m
  [36m52[0m  [36m       )[0m
  [36m53[0m  [36m    sudoku)[0m
  [36m54[0m  [36m  )[0m
  [36m55[0m  [36m)[0m

[36m----  Compiler Warning : Please see src/cljs/demo/core.cljs  ----[0m
[32mSuccessfully compiled "target/cljsbuild/public/js/app.js" in 0.376 seconds.[0m
notifying browser that file changed:  target/cljsbuild/public/js/out/demo/core.js
[0mCompiling "target/cljsbuild/public/js/app.js" from ["src/cljs" "src/cljc" "env/dev/cljs"]...[0m
[36m----  Compiler Warning on   src/cljs/demo/core.cljs   line:44  column:8  ----[0m

  [1mUse of undeclared Var demo.core/f[0m

  [36m41[0m  [36m(defn draw-puzzle [sudoku {:keys [x y color gap]}][0m
  [36m42[0m  [36m  (dorun[0m
  [36m43[0m  [36m    (map-indexed[0m
  [33m44[0m  [1m      (f [i row][0m
  [0m  [0m  [33m       ^--- Use of undeclared Var demo.core/f[0m
  [36m45[0m  [36m         (dorun[0m
  [36m46[0m  [36m           (map-indexed[0m
  [36m47[0m  [36m             (fn [j col][0m
  [36m48[0m  [36m                (when col[0m
  [36m49[0m  [36m                  (draw/draw-object {:type :text :color color :pos [(+ x (* gap j)) (+ y (* gap i))] :text (str col)} (:ctx context)))[0m

[36m----  Compiler Warning : Please see src/cljs/demo/core.cljs  ----[0m
[36m----  Compiler Warning on   src/cljs/demo/core.cljs   line:44  column:11  ----[0m

  [1mUse of undeclared Var demo.core/i[0m

  [36m41[0m  [36m(defn draw-puzzle [sudoku {:keys [x y color gap]}][0m
  [36m42[0m  [36m  (dorun[0m
  [36m43[0m  [36m    (map-indexed[0m
  [33m44[0m  [1m      (f [i row][0m
  [0m  [0m  [33m          ^--- Use of undeclared Var demo.core/i[0m
  [36m45[0m  [36m         (dorun[0m
  [36m46[0m  [36m           (map-indexed[0m
  [36m47[0m  [36m             (fn [j col][0m
  [36m48[0m  [36m                (when col[0m
  [36m49[0m  [36m                  (draw/draw-object {:type :text :color color :pos [(+ x (* gap j)) (+ y (* gap i))] :text (str col)} (:ctx context)))[0m

[36m----  Compiler Warning : Please see src/cljs/demo/core.cljs  ----[0m
[36m----  Compiler Warning on   src/cljs/demo/core.cljs   line:44  column:13  ----[0m

  [1mUse of undeclared Var demo.core/row[0m

  [36m41[0m  [36m(defn draw-puzzle [sudoku {:keys [x y color gap]}][0m
  [36m42[0m  [36m  (dorun[0m
  [36m43[0m  [36m    (map-indexed[0m
  [33m44[0m  [1m      (f [i row][0m
  [0m  [0m  [33m            ^--- Use of undeclared Var demo.core/row[0m
  [36m45[0m  [36m         (dorun[0m
  [36m46[0m  [36m           (map-indexed[0m
  [36m47[0m  [36m             (fn [j col][0m
  [36m48[0m  [36m                (when col[0m
  [36m49[0m  [36m                  (draw/draw-object {:type :text :color color :pos [(+ x (* gap j)) (+ y (* gap i))] :text (str col)} (:ctx context)))[0m

[36m----  Compiler Warning : Please see src/cljs/demo/core.cljs  ----[0m
[36m----  Compiler Warning on   src/cljs/demo/core.cljs   line:49  column:97  ----[0m

  [1mUse of undeclared Var demo.core/i[0m

  [36m45[0m  [36m   (dorun[0m
  [36m46[0m  [36m     (map-indexed[0m
  [36m47[0m  [36m       (fn [j col][0m
  [36m48[0m  [36m          (when col[0m
  [33m49[0m  [1m            (draw/draw-object {:type :text :color color :pos [(+ x (* gap j)) (+ y (* gap i))] :text (str col)} (:ctx context)))[0m
  [0m  [0m  [33m                                                                                          ^--- Use of undeclared Var demo.core/i[0m
  [36m50[0m  [36m         )[0m
  [36m51[0m  [36m       row)[0m
  [36m52[0m  [36m     )[0m
  [36m53[0m  [36m   )[0m
  [36m54[0m  [36msudoku)[0m

[36m----  Compiler Warning : Please see src/cljs/demo/core.cljs  ----[0m
[36m----  Compiler Warning on   src/cljs/demo/core.cljs   line:51  column:14  ----[0m

  [1mUse of undeclared Var demo.core/row[0m

  [36m47[0m  [36m           (fn [j col][0m
  [36m48[0m  [36m              (when col[0m
  [36m49[0m  [36m                (draw/draw-object {:type :text :color color :pos [(+ x (* gap j)) (+ y (* gap i))] :text (str col)} (:ctx context)))[0m
  [36m50[0m  [36m             )[0m
  [33m51[0m  [1m           row)[0m
  [0m  [0m  [33m           ^--- Use of undeclared Var demo.core/row[0m
  [36m52[0m  [36m         )[0m
  [36m53[0m  [36m       )[0m
  [36m54[0m  [36m    sudoku)[0m
  [36m55[0m  [36m  )[0m
  [36m56[0m  [36m)[0m

[36m----  Compiler Warning : Please see src/cljs/demo/core.cljs  ----[0m
[32mSuccessfully compiled "target/cljsbuild/public/js/app.js" in 0.371 seconds.[0m
notifying browser that file changed:  target/cljsbuild/public/js/out/demo/core.js
[0mCompiling "target/cljsbuild/public/js/app.js" from ["src/cljs" "src/cljc" "env/dev/cljs"]...[0m
[36m----  Compiler Warning on   src/cljs/demo/core.cljs   line:44  column:8  ----[0m

  [1mUse of undeclared Var demo.core/f[0m

  [36m41[0m  [36m(defn draw-puzzle [sudoku {:keys [x y color gap]}][0m
  [36m42[0m  [36m  (dorun[0m
  [36m43[0m  [36m    (map-indexed[0m
  [33m44[0m  [1m      (f [i row][0m
  [0m  [0m  [33m       ^--- Use of undeclared Var demo.core/f[0m
  [36m45[0m  [36m         (dorun[0m
  [36m46[0m  [36m           (map-indexed[0m
  [36m47[0m  [36m             (fn [j col][0m
  [36m48[0m  [36m                (when col[0m
  [36m49[0m  [36m                  (draw/draw-object {:type :text :color color :pos [(+ x (* gap j)) (+ y (* gap i))] :text (str col)} (:ctx context)))[0m

[36m----  Compiler Warning : Please see src/cljs/demo/core.cljs  ----[0m
[36m----  Compiler Warning on   src/cljs/demo/core.cljs   line:44  column:11  ----[0m

  [1mUse of undeclared Var demo.core/i[0m

  [36m41[0m  [36m(defn draw-puzzle [sudoku {:keys [x y color gap]}][0m
  [36m42[0m  [36m  (dorun[0m
  [36m43[0m  [36m    (map-indexed[0m
  [33m44[0m  [1m      (f [i row][0m
  [0m  [0m  [33m          ^--- Use of undeclared Var demo.core/i[0m
  [36m45[0m  [36m         (dorun[0m
  [36m46[0m  [36m           (map-indexed[0m
  [36m47[0m  [36m             (fn [j col][0m
  [36m48[0m  [36m                (when col[0m
  [36m49[0m  [36m                  (draw/draw-object {:type :text :color color :pos [(+ x (* gap j)) (+ y (* gap i))] :text (str col)} (:ctx context)))[0m

[36m----  Compiler Warning : Please see src/cljs/demo/core.cljs  ----[0m
[36m----  Compiler Warning on   src/cljs/demo/core.cljs   line:44  column:13  ----[0m

  [1mUse of undeclared Var demo.core/row[0m

  [36m41[0m  [36m(defn draw-puzzle [sudoku {:keys [x y color gap]}][0m
  [36m42[0m  [36m  (dorun[0m
  [36m43[0m  [36m    (map-indexed[0m
  [33m44[0m  [1m      (f [i row][0m
  [0m  [0m  [33m            ^--- Use of undeclared Var demo.core/row[0m
  [36m45[0m  [36m         (dorun[0m
  [36m46[0m  [36m           (map-indexed[0m
  [36m47[0m  [36m             (fn [j col][0m
  [36m48[0m  [36m                (when col[0m
  [36m49[0m  [36m                  (draw/draw-object {:type :text :color color :pos [(+ x (* gap j)) (+ y (* gap i))] :text (str col)} (:ctx context)))[0m

[36m----  Compiler Warning : Please see src/cljs/demo/core.cljs  ----[0m
[36m----  Compiler Warning on   src/cljs/demo/core.cljs   line:49  column:97  ----[0m

  [1mUse of undeclared Var demo.core/i[0m

  [36m45[0m  [36m   (dorun[0m
  [36m46[0m  [36m     (map-indexed[0m
  [36m47[0m  [36m       (fn [j col][0m
  [36m48[0m  [36m          (when col[0m
  [33m49[0m  [1m            (draw/draw-object {:type :text :color color :pos [(+ x (* gap j)) (+ y (* gap i))] :text (str col)} (:ctx context)))[0m
  [0m  [0m  [33m                                                                                          ^--- Use of undeclared Var demo.core/i[0m
  [36m50[0m  [36m         )[0m
  [36m51[0m  [36m       row)[0m
  [36m52[0m  [36m     )[0m
  [36m53[0m  [36m   )[0m
  [36m54[0m  [36msudoku)[0m

[36m----  Compiler Warning : Please see src/cljs/demo/core.cljs  ----[0m
[36m----  Compiler Warning on   src/cljs/demo/core.cljs   line:51  column:14  ----[0m

  [1mUse of undeclared Var demo.core/row[0m

  [36m47[0m  [36m           (fn [j col][0m
  [36m48[0m  [36m              (when col[0m
  [36m49[0m  [36m                (draw/draw-object {:type :text :color color :pos [(+ x (* gap j)) (+ y (* gap i))] :text (str col)} (:ctx context)))[0m
  [36m50[0m  [36m             )[0m
  [33m51[0m  [1m           row)[0m
  [0m  [0m  [33m           ^--- Use of undeclared Var demo.core/row[0m
  [36m52[0m  [36m         )[0m
  [36m53[0m  [36m       )[0m
  [36m54[0m  [36m    sudoku)[0m
  [36m55[0m  [36m  )[0m
  [36m56[0m  [36m)[0m

[36m----  Compiler Warning : Please see src/cljs/demo/core.cljs  ----[0m
[31mFailed to compile "target/cljsbuild/public/js/app.js" in 0.237 seconds.[0m
[36m----  Could not Analyze  src/cljs/demo/core.cljs   line:61  column:3  ----[0m

  [1mlet requires an even number of forms in binding vector[0m

  [36m59[0m  [36m(mount-components)[0m
  [36m60[0m  [36m(draw-grid {:x 50 :y 50 :color [200 200 0] :width 1 :gap 50 :n 10})[0m
  [33m61[0m  [1m(let [sudoku ])[0m
  [0m  [0m  [33m^--- let requires an even number of forms in binding vector[0m
  [36m62[0m  [36m)[0m

[36m----  Analysis Error : Please see src/cljs/demo/core.cljs  ----[0m
[0mCompiling "target/cljsbuild/public/js/app.js" from ["src/cljs" "src/cljc" "env/dev/cljs"]...[0m
[36m----  Compiler Warning on   src/cljs/demo/core.cljs   line:44  column:8  ----[0m

  [1mUse of undeclared Var demo.core/f[0m

  [36m41[0m  [36m(defn draw-puzzle [sudoku {:keys [x y color gap]}][0m
  [36m42[0m  [36m  (dorun[0m
  [36m43[0m  [36m    (map-indexed[0m
  [33m44[0m  [1m      (f [i row][0m
  [0m  [0m  [33m       ^--- Use of undeclared Var demo.core/f[0m
  [36m45[0m  [36m         (dorun[0m
  [36m46[0m  [36m           (map-indexed[0m
  [36m47[0m  [36m             (fn [j col][0m
  [36m48[0m  [36m                (when col[0m
  [36m49[0m  [36m                  (draw/draw-object {:type :text :color color :pos [(+ x (* gap j)) (+ y (* gap i))] :text (str col)} (:ctx context)))[0m

[36m----  Compiler Warning : Please see src/cljs/demo/core.cljs  ----[0m
[36m----  Compiler Warning on   src/cljs/demo/core.cljs   line:44  column:11  ----[0m

  [1mUse of undeclared Var demo.core/i[0m

  [36m41[0m  [36m(defn draw-puzzle [sudoku {:keys [x y color gap]}][0m
  [36m42[0m  [36m  (dorun[0m
  [36m43[0m  [36m    (map-indexed[0m
  [33m44[0m  [1m      (f [i row][0m
  [0m  [0m  [33m          ^--- Use of undeclared Var demo.core/i[0m
  [36m45[0m  [36m         (dorun[0m
  [36m46[0m  [36m           (map-indexed[0m
  [36m47[0m  [36m             (fn [j col][0m
  [36m48[0m  [36m                (when col[0m
  [36m49[0m  [36m                  (draw/draw-object {:type :text :color color :pos [(+ x (* gap j)) (+ y (* gap i))] :text (str col)} (:ctx context)))[0m

[36m----  Compiler Warning : Please see src/cljs/demo/core.cljs  ----[0m
[36m----  Compiler Warning on   src/cljs/demo/core.cljs   line:44  column:13  ----[0m

  [1mUse of undeclared Var demo.core/row[0m

  [36m41[0m  [36m(defn draw-puzzle [sudoku {:keys [x y color gap]}][0m
  [36m42[0m  [36m  (dorun[0m
  [36m43[0m  [36m    (map-indexed[0m
  [33m44[0m  [1m      (f [i row][0m
  [0m  [0m  [33m            ^--- Use of undeclared Var demo.core/row[0m
  [36m45[0m  [36m         (dorun[0m
  [36m46[0m  [36m           (map-indexed[0m
  [36m47[0m  [36m             (fn [j col][0m
  [36m48[0m  [36m                (when col[0m
  [36m49[0m  [36m                  (draw/draw-object {:type :text :color color :pos [(+ x (* gap j)) (+ y (* gap i))] :text (str col)} (:ctx context)))[0m

[36m----  Compiler Warning : Please see src/cljs/demo/core.cljs  ----[0m
[36m----  Compiler Warning on   src/cljs/demo/core.cljs   line:49  column:97  ----[0m

  [1mUse of undeclared Var demo.core/i[0m

  [36m45[0m  [36m   (dorun[0m
  [36m46[0m  [36m     (map-indexed[0m
  [36m47[0m  [36m       (fn [j col][0m
  [36m48[0m  [36m          (when col[0m
  [33m49[0m  [1m            (draw/draw-object {:type :text :color color :pos [(+ x (* gap j)) (+ y (* gap i))] :text (str col)} (:ctx context)))[0m
  [0m  [0m  [33m                                                                                          ^--- Use of undeclared Var demo.core/i[0m
  [36m50[0m  [36m         )[0m
  [36m51[0m  [36m       row)[0m
  [36m52[0m  [36m     )[0m
  [36m53[0m  [36m   )[0m
  [36m54[0m  [36msudoku)[0m

[36m----  Compiler Warning : Please see src/cljs/demo/core.cljs  ----[0m
[36m----  Compiler Warning on   src/cljs/demo/core.cljs   line:51  column:14  ----[0m

  [1mUse of undeclared Var demo.core/row[0m

  [36m47[0m  [36m           (fn [j col][0m
  [36m48[0m  [36m              (when col[0m
  [36m49[0m  [36m                (draw/draw-object {:type :text :color color :pos [(+ x (* gap j)) (+ y (* gap i))] :text (str col)} (:ctx context)))[0m
  [36m50[0m  [36m             )[0m
  [33m51[0m  [1m           row)[0m
  [0m  [0m  [33m           ^--- Use of undeclared Var demo.core/row[0m
  [36m52[0m  [36m         )[0m
  [36m53[0m  [36m       )[0m
  [36m54[0m  [36m    sudoku)[0m
  [36m55[0m  [36m  )[0m
  [36m56[0m  [36m)[0m

[36m----  Compiler Warning : Please see src/cljs/demo/core.cljs  ----[0m
[32mSuccessfully compiled "target/cljsbuild/public/js/app.js" in 0.324 seconds.[0m
notifying browser that file changed:  target/cljsbuild/public/js/out/demo/core.js
[0mCompiling "target/cljsbuild/public/js/app.js" from ["src/cljs" "src/cljc" "env/dev/cljs"]...[0m
[32mSuccessfully compiled "target/cljsbuild/public/js/app.js" in 0.279 seconds.[0m
notifying browser that file changed:  target/cljsbuild/public/js/out/demo/core.js
[0mCompiling "target/cljsbuild/public/js/app.js" from ["src/cljs" "src/cljc" "env/dev/cljs"]...[0m
[32mSuccessfully compiled "target/cljsbuild/public/js/app.js" in 0.281 seconds.[0m
notifying browser that file changed:  target/cljsbuild/public/js/out/demo/core.js
[0mCompiling "target/cljsbuild/public/js/app.js" from ["src/cljs" "src/cljc" "env/dev/cljs"]...[0m
[32mSuccessfully compiled "target/cljsbuild/public/js/app.js" in 0.256 seconds.[0m
notifying browser that file changed:  target/cljsbuild/public/js/out/demo/core.js
[0mCompiling "target/cljsbuild/public/js/app.js" from ["src/cljs" "src/cljc" "env/dev/cljs"]...[0m
[32mSuccessfully compiled "target/cljsbuild/public/js/app.js" in 0.267 seconds.[0m
notifying browser that file changed:  target/cljsbuild/public/js/out/demo/core.js
[0mCompiling "target/cljsbuild/public/js/app.js" from ["src/cljs" "src/cljc" "env/dev/cljs"]...[0m
[32mSuccessfully compiled "target/cljsbuild/public/js/app.js" in 0.269 seconds.[0m
notifying browser that file changed:  target/cljsbuild/public/js/out/demo/core.js
[0mCompiling "target/cljsbuild/public/js/app.js" from ["src/cljs" "src/cljc" "env/dev/cljs"]...[0m
[32mSuccessfully compiled "target/cljsbuild/public/js/app.js" in 0.256 seconds.[0m
notifying browser that file changed:  target/cljsbuild/public/js/out/demo/core.js
[0mCompiling "target/cljsbuild/public/js/app.js" from ["src/cljs" "src/cljc" "env/dev/cljs"]...[0m
[32mSuccessfully compiled "target/cljsbuild/public/js/app.js" in 0.311 seconds.[0m
notifying browser that file changed:  target/cljsbuild/public/js/out/demo/core.js
[0mCompiling "target/cljsbuild/public/js/app.js" from ["src/cljs" "src/cljc" "env/dev/cljs"]...[0m
[32mSuccessfully compiled "target/cljsbuild/public/js/app.js" in 0.236 seconds.[0m
notifying browser that file changed:  target/cljsbuild/public/js/out/demo/core.js
[0mCompiling "target/cljsbuild/public/js/app.js" from ["src/cljs" "src/cljc" "env/dev/cljs"]...[0m
[32mSuccessfully compiled "target/cljsbuild/public/js/app.js" in 0.258 seconds.[0m
notifying browser that file changed:  target/cljsbuild/public/js/out/demo/core.js
[0mCompiling "target/cljsbuild/public/js/app.js" from ["src/cljs" "src/cljc" "env/dev/cljs"]...[0m
[32mSuccessfully compiled "target/cljsbuild/public/js/app.js" in 0.247 seconds.[0m
notifying browser that file changed:  target/cljsbuild/public/js/out/demo/core.js
[0mCompiling "target/cljsbuild/public/js/app.js" from ["src/cljs" "src/cljc" "env/dev/cljs"]...[0m
[31mFailed to compile "target/cljsbuild/public/js/app.js" in 0.154 seconds.[0m
[36m----  Could not Analyze  src/cljs/demo/core.cljs   line:60  column:3  ----[0m

  [1mlet requires an even number of forms in binding vector[0m

  [36m58[0m  [36m(defn init! [][0m
  [36m59[0m  [36m  (mount-components)[0m
  [33m60[0m  [1m  (let [(js/document.getElementById "solveButton")])[0m
  [0m  [0m  [33m  ^--- let requires an even number of forms in binding vector[0m
  [36m61[0m  [36m  (draw-grid {:x 50 :y 50 :color [200 200 0] :width 1 :gap 50 :n 10})[0m
  [36m62[0m  [36m  (let [sudoku            [[0m
  [36m63[0m  [36m                           [3   nil nil nil nil 6   7   9   nil][0m

[36m----  Analysis Error : Please see src/cljs/demo/core.cljs  ----[0m
[0mCompiling "target/cljsbuild/public/js/app.js" from ["src/cljs" "src/cljc" "env/dev/cljs"]...[0m
[32mSuccessfully compiled "target/cljsbuild/public/js/app.js" in 0.336 seconds.[0m
notifying browser that file changed:  target/cljsbuild/public/js/out/demo/core.js
[0mCompiling "target/cljsbuild/public/js/app.js" from ["src/cljs" "src/cljc" "env/dev/cljs"]...[0m
[32mSuccessfully compiled "target/cljsbuild/public/js/app.js" in 0.245 seconds.[0m
notifying browser that file changed:  target/cljsbuild/public/js/out/demo/core.js
[0mCompiling "target/cljsbuild/public/js/app.js" from ["src/cljs" "src/cljc" "env/dev/cljs"]...[0m
[32mSuccessfully compiled "target/cljsbuild/public/js/app.js" in 0.264 seconds.[0m
notifying browser that file changed:  target/cljsbuild/public/js/out/cljs_deps.js
notifying browser that file changed:  target/cljsbuild/public/js/out/demo/core.js
[0mCompiling "target/cljsbuild/public/js/app.js" from ["src/cljs" "src/cljc" "env/dev/cljs"]...[0m
[32mSuccessfully compiled "target/cljsbuild/public/js/app.js" in 0.271 seconds.[0m
notifying browser that file changed:  target/cljsbuild/public/js/out/demo/core.js
[0mCompiling "target/cljsbuild/public/js/app.js" from ["src/cljs" "src/cljc" "env/dev/cljs"]...[0m
[32mSuccessfully compiled "target/cljsbuild/public/js/app.js" in 0.37 seconds.[0m
notifying browser that file changed:  target/cljsbuild/public/js/out/demo/core.js
[0mCompiling "target/cljsbuild/public/js/app.js" from ["src/cljs" "src/cljc" "env/dev/cljs"]...[0m
[31mFailed to compile "target/cljsbuild/public/js/app.js" in 0.176 seconds.[0m
[36m----  Could not Analyze  src/cljs/demo/core.cljs   line:43  column:1  ----[0m

  [1mToo many arguments to def at line 43 /Users/xuelin/mydev/demo/src/cljs/demo/core.cljs[0m

  [33m43[0m  [1m(def sudoku[0m
  [0m  [0m  [33m^--- Too many arguments to def at line 43 /Users/xuelin/mydev/demo/src/cljs/demo/core.cljs[0m
  [36m44[0m  [36m  [[0m
  [36m45[0m  [36m   [3   nil nil nil nil 6   7   9   nil][0m
  [36m46[0m  [36m   [4   nil nil nil nil nil nil nil nil][0m

[36m----  Analysis Error : Please see src/cljs/demo/core.cljs  ----[0m
[0mCompiling "target/cljsbuild/public/js/app.js" from ["src/cljs" "src/cljc" "env/dev/cljs"]...[0m
[31mFailed to compile "target/cljsbuild/public/js/app.js" in 0.157 seconds.[0m
[36m----  Could not Analyze  src/cljs/demo/core.cljs   line:43  column:1  ----[0m

  [1mToo many arguments to def at line 43 /Users/xuelin/mydev/demo/src/cljs/demo/core.cljs[0m

  [33m43[0m  [1m(def solve-sudoku[0m
  [0m  [0m  [33m^--- Too many arguments to def at line 43 /Users/xuelin/mydev/demo/src/cljs/demo/core.cljs[0m
  [36m44[0m  [36m  [[0m
  [36m45[0m  [36m   [3   nil nil nil nil 6   7   9   nil][0m
  [36m46[0m  [36m   [4   nil nil nil nil nil nil nil nil][0m

[36m----  Analysis Error : Please see src/cljs/demo/core.cljs  ----[0m
[0mCompiling "target/cljsbuild/public/js/app.js" from ["src/cljs" "src/cljc" "env/dev/cljs"]...[0m
[32mSuccessfully compiled "target/cljsbuild/public/js/app.js" in 0.258 seconds.[0m
notifying browser that file changed:  target/cljsbuild/public/js/out/demo/core.js
[0mCompiling "target/cljsbuild/public/js/app.js" from ["src/cljs" "src/cljc" "env/dev/cljs"]...[0m
[32mSuccessfully compiled "target/cljsbuild/public/js/app.js" in 0.496 seconds.[0m
notifying browser that file changed:  target/cljsbuild/public/js/out/goog/deps.js
notifying browser that file changed:  target/cljsbuild/public/js/out/cljs_deps.js
notifying browser that file changed:  target/cljsbuild/public/js/out/demo/core.js
[0mCompiling "target/cljsbuild/public/js/app.js" from ["src/cljs" "src/cljc" "env/dev/cljs"]...[0m
[31mFailed to compile "target/cljsbuild/public/js/app.js" in 0.281 seconds.[0m
[36m----  Could not Analyze  src/cljs/demo/core.cljs   line:78  column:3  ----[0m

  [1mToo many arguments to if at line 78 src/cljs/demo/core.cljs[0m

  [36m77[0m  [36m(defn solution-handler [[ok response]][0m
  [33m78[0m  [1m  (if ok[0m
  [0m  [0m  [33m  ^--- Too many arguments to if at line 78 src/cljs/demo/core.cljs[0m
  [36m79[0m  [36m    (let solution (cljs.reader/read-string (str response)))[0m
  [36m80[0m  [36m    (.log js/console (str response))[0m
  [36m81[0m  [36m         (.error js/console (str response))[0m

[36m----  Analysis Error : Please see src/cljs/demo/core.cljs  ----[0m
[0mCompiling "target/cljsbuild/public/js/app.js" from ["src/cljs" "src/cljc" "env/dev/cljs"]...[0m
[32mSuccessfully compiled "target/cljsbuild/public/js/app.js" in 0.354 seconds.[0m
notifying browser that file changed:  target/cljsbuild/public/js/out/demo/core.js
[0mCompiling "target/cljsbuild/public/js/app.js" from ["src/cljs" "src/cljc" "env/dev/cljs"]...[0m
[32mSuccessfully compiled "target/cljsbuild/public/js/app.js" in 0.386 seconds.[0m
notifying browser that file changed:  target/cljsbuild/public/js/out/demo/core.js
[0mCompiling "target/cljsbuild/public/js/app.js" from ["src/cljs" "src/cljc" "env/dev/cljs"]...[0m
[36m----  Compiler Warning on   src/cljs/demo/core.cljs   line:77  column:3  ----[0m

  [1mWrong number of args (0) passed to cljs.core/map[0m

  [36m73[0m  [36m    )[0m
  [36m74[0m  [36m  )[0m
  [36m75[0m  [36m[0m
  [36m76[0m  [36m(defn diff-row [a b][0m
  [33m77[0m  [1m  (map )[0m
  [0m  [0m  [33m  ^--- Wrong number of args (0) passed to cljs.core/map[0m
  [36m78[0m  [36m  )[0m
  [36m79[0m  [36m[0m
  [36m80[0m  [36m(defn diff-grid [a b][0m
  [36m81[0m  [36m  ()[0m
  [36m82[0m  [36m  )[0m

[36m----  Compiler Warning : Please see src/cljs/demo/core.cljs  ----[0m
[32mSuccessfully compiled "target/cljsbuild/public/js/app.js" in 0.546 seconds.[0m
notifying browser that file changed:  target/cljsbuild/public/js/out/demo/core.js
[0mCompiling "target/cljsbuild/public/js/app.js" from ["src/cljs" "src/cljc" "env/dev/cljs"]...[0m
[32mSuccessfully compiled "target/cljsbuild/public/js/app.js" in 0.417 seconds.[0m
notifying browser that file changed:  target/cljsbuild/public/js/out/demo/core.js
[0mCompiling "target/cljsbuild/public/js/app.js" from ["src/cljs" "src/cljc" "env/dev/cljs"]...[0m
[32mSuccessfully compiled "target/cljsbuild/public/js/app.js" in 0.329 seconds.[0m
notifying browser that file changed:  target/cljsbuild/public/js/out/demo/core.js
[0mCompiling "target/cljsbuild/public/js/app.js" from ["src/cljs" "src/cljc" "env/dev/cljs"]...[0m
[32mSuccessfully compiled "target/cljsbuild/public/js/app.js" in 0.367 seconds.[0m
notifying browser that file changed:  target/cljsbuild/public/js/out/demo/core.js
[0mCompiling "target/cljsbuild/public/js/app.js" from ["src/cljs" "src/cljc" "env/dev/cljs"]...[0m
[32mSuccessfully compiled "target/cljsbuild/public/js/app.js" in 0.438 seconds.[0m
notifying browser that file changed:  target/cljsbuild/public/js/out/demo/core.js
[0mCompiling "target/cljsbuild/public/js/app.js" from ["src/cljs" "src/cljc" "env/dev/cljs"]...[0m
[32mSuccessfully compiled "target/cljsbuild/public/js/app.js" in 0.375 seconds.[0m
notifying browser that file changed:  target/cljsbuild/public/js/out/saolsen/draw_2d.js
[0mCompiling "target/cljsbuild/public/js/app.js" from ["src/cljs" "src/cljc" "env/dev/cljs"]...[0m
[32mSuccessfully compiled "target/cljsbuild/public/js/app.js" in 0.426 seconds.[0m
notifying browser that file changed:  target/cljsbuild/public/js/out/saolsen/draw_2d.js
[0mCompiling "target/cljsbuild/public/js/app.js" from ["src/cljs" "src/cljc" "env/dev/cljs"]...[0m
[32mSuccessfully compiled "target/cljsbuild/public/js/app.js" in 0.443 seconds.[0m
notifying browser that file changed:  target/cljsbuild/public/js/out/saolsen/draw_2d.js
